2024-11-28 10:48:14,464 - src.finalization - INFO - src.finalization module loaded
2024-11-28 10:48:14,465 - src.pipeline - INFO - Loading dataset from data/StudentsPerformance.csv...
2024-11-28 10:48:14,469 - src.pipeline - INFO - Dataset loaded successfully. Shape: (1000, 8)
2024-11-28 10:48:14,469 - src.pipeline - INFO - Starting missing value imputation...
2024-11-28 10:48:14,469 - src.utils - INFO - Starting automatic imputation...
2024-11-28 10:48:14,469 - src.utils - INFO - Numerical columns: ['reading_score', 'writing_score']
2024-11-28 10:48:14,469 - src.utils - INFO - Categorical columns: ['gender', 'race_ethnicity', 'parental_level_of_education', 'lunch', 'test_preparation_course']
2024-11-28 10:48:14,469 - src.utils - INFO - Applying ordinal encoding to categorical columns...
2024-11-28 10:48:14,473 - src.utils - INFO - Processing column 'gender' with 0.00% missing values.
2024-11-28 10:48:14,474 - src.utils - INFO - Column 'gender' has no missing values. Skipping imputation.
2024-11-28 10:48:14,474 - src.utils - INFO - Processing column 'race_ethnicity' with 0.00% missing values.
2024-11-28 10:48:14,474 - src.utils - INFO - Column 'race_ethnicity' has no missing values. Skipping imputation.
2024-11-28 10:48:14,474 - src.utils - INFO - Processing column 'parental_level_of_education' with 0.00% missing values.
2024-11-28 10:48:14,474 - src.utils - INFO - Column 'parental_level_of_education' has no missing values. Skipping imputation.
2024-11-28 10:48:14,474 - src.utils - INFO - Processing column 'lunch' with 0.00% missing values.
2024-11-28 10:48:14,474 - src.utils - INFO - Column 'lunch' has no missing values. Skipping imputation.
2024-11-28 10:48:14,474 - src.utils - INFO - Processing column 'test_preparation_course' with 0.00% missing values.
2024-11-28 10:48:14,474 - src.utils - INFO - Column 'test_preparation_course' has no missing values. Skipping imputation.
2024-11-28 10:48:14,475 - src.utils - INFO - Processing column 'reading_score' with 0.00% missing values.
2024-11-28 10:48:14,475 - src.utils - INFO - Column 'reading_score' has no missing values. Skipping imputation.
2024-11-28 10:48:14,475 - src.utils - INFO - Processing column 'writing_score' with 0.00% missing values.
2024-11-28 10:48:14,475 - src.utils - INFO - Column 'writing_score' has no missing values. Skipping imputation.
2024-11-28 10:48:14,475 - src.utils - INFO - Imputation complete.
2024-11-28 10:48:14,475 - src.pipeline - ERROR - Error during pipeline execution: too many values to unpack (expected 2)
2024-11-28 10:54:23,179 - src.finalization - INFO - src.finalization module loaded
2024-11-28 10:54:23,191 - src.pipeline - INFO - Loading dataset from data/StudentsPerformance.csv...
2024-11-28 10:54:23,195 - src.pipeline - INFO - Dataset loaded successfully. Shape: (1000, 8)
2024-11-28 10:54:23,195 - src.pipeline - INFO - Starting missing value imputation...
2024-11-28 10:54:23,195 - src.utils - INFO - Starting automatic imputation...
2024-11-28 10:54:23,195 - src.utils - INFO - Numerical columns: ['reading_score', 'writing_score']
2024-11-28 10:54:23,196 - src.utils - INFO - Categorical columns: ['gender', 'race_ethnicity', 'parental_level_of_education', 'lunch', 'test_preparation_course']
2024-11-28 10:54:23,196 - src.utils - INFO - Applying ordinal encoding to categorical columns...
2024-11-28 10:54:23,200 - src.utils - INFO - Processing column 'gender' with 0.00% missing values.
2024-11-28 10:54:23,200 - src.utils - INFO - Column 'gender' has no missing values. Skipping imputation.
2024-11-28 10:54:23,200 - src.utils - INFO - Processing column 'race_ethnicity' with 0.00% missing values.
2024-11-28 10:54:23,200 - src.utils - INFO - Column 'race_ethnicity' has no missing values. Skipping imputation.
2024-11-28 10:54:23,200 - src.utils - INFO - Processing column 'parental_level_of_education' with 0.00% missing values.
2024-11-28 10:54:23,200 - src.utils - INFO - Column 'parental_level_of_education' has no missing values. Skipping imputation.
2024-11-28 10:54:23,200 - src.utils - INFO - Processing column 'lunch' with 0.00% missing values.
2024-11-28 10:54:23,200 - src.utils - INFO - Column 'lunch' has no missing values. Skipping imputation.
2024-11-28 10:54:23,201 - src.utils - INFO - Processing column 'test_preparation_course' with 0.00% missing values.
2024-11-28 10:54:23,201 - src.utils - INFO - Column 'test_preparation_course' has no missing values. Skipping imputation.
2024-11-28 10:54:23,201 - src.utils - INFO - Processing column 'reading_score' with 0.00% missing values.
2024-11-28 10:54:23,201 - src.utils - INFO - Column 'reading_score' has no missing values. Skipping imputation.
2024-11-28 10:54:23,201 - src.utils - INFO - Processing column 'writing_score' with 0.00% missing values.
2024-11-28 10:54:23,201 - src.utils - INFO - Column 'writing_score' has no missing values. Skipping imputation.
2024-11-28 10:54:23,201 - src.utils - INFO - the saved imputers is {}
2024-11-28 10:54:23,201 - src.utils - INFO - Imputation complete.
2024-11-28 10:54:23,202 - src.pipeline - INFO - Missing value imputation complete.
2024-11-28 10:54:23,202 - src.pipeline - INFO - Handling categorical features...
2024-11-28 10:54:23,202 - src.data_preprocessing - INFO - Starting to handle categorical features...
2024-11-28 10:54:23,202 - src.data_preprocessing - INFO - Categorical columns identified: []
2024-11-28 10:54:23,202 - src.data_preprocessing - INFO - Completed handling of categorical features.
2024-11-28 10:54:23,203 - src.pipeline - ERROR - Error during pipeline execution: too many values to unpack (expected 2)
2024-11-28 11:00:23,399 - src.finalization - INFO - src.finalization module loaded
2024-11-28 11:00:23,399 - src.pipeline - INFO - Loading dataset from data/StudentsPerformance.csv...
2024-11-28 11:00:23,399 - src.pipeline - INFO - Dataset loaded successfully. Shape: (1000, 8)
2024-11-28 11:00:23,399 - src.pipeline - INFO - Starting missing value imputation...
2024-11-28 11:00:23,399 - src.utils - INFO - Starting automatic imputation...
2024-11-28 11:00:23,399 - src.utils - INFO - Numerical columns: ['reading_score', 'writing_score']
2024-11-28 11:00:23,399 - src.utils - INFO - Categorical columns: ['gender', 'race_ethnicity', 'parental_level_of_education', 'lunch', 'test_preparation_course']
2024-11-28 11:00:23,399 - src.utils - INFO - Applying ordinal encoding to categorical columns...
2024-11-28 11:00:23,399 - src.utils - INFO - Processing column 'gender' with 0.00% missing values.
2024-11-28 11:00:23,399 - src.utils - INFO - Column 'gender' has no missing values. Skipping imputation.
2024-11-28 11:00:23,399 - src.utils - INFO - Processing column 'race_ethnicity' with 0.00% missing values.
2024-11-28 11:00:23,399 - src.utils - INFO - Column 'race_ethnicity' has no missing values. Skipping imputation.
2024-11-28 11:00:23,399 - src.utils - INFO - Processing column 'parental_level_of_education' with 0.00% missing values.
2024-11-28 11:00:23,399 - src.utils - INFO - Column 'parental_level_of_education' has no missing values. Skipping imputation.
2024-11-28 11:00:23,399 - src.utils - INFO - Processing column 'lunch' with 0.00% missing values.
2024-11-28 11:00:23,399 - src.utils - INFO - Column 'lunch' has no missing values. Skipping imputation.
2024-11-28 11:00:23,399 - src.utils - INFO - Processing column 'test_preparation_course' with 0.00% missing values.
2024-11-28 11:00:23,399 - src.utils - INFO - Column 'test_preparation_course' has no missing values. Skipping imputation.
2024-11-28 11:00:23,399 - src.utils - INFO - Processing column 'reading_score' with 0.00% missing values.
2024-11-28 11:00:23,399 - src.utils - INFO - Column 'reading_score' has no missing values. Skipping imputation.
2024-11-28 11:00:23,399 - src.utils - INFO - Processing column 'writing_score' with 0.00% missing values.
2024-11-28 11:00:23,399 - src.utils - INFO - Column 'writing_score' has no missing values. Skipping imputation.
2024-11-28 11:00:23,399 - src.utils - INFO - the saved imputers is {}
2024-11-28 11:00:23,399 - src.utils - INFO - Imputation complete.
2024-11-28 11:00:23,399 - src.pipeline - INFO - Missing value imputation complete.
2024-11-28 11:00:23,399 - src.pipeline - INFO - Handling categorical features...
2024-11-28 11:00:23,399 - src.data_preprocessing - INFO - Starting to handle categorical features...
2024-11-28 11:00:23,399 - src.data_preprocessing - INFO - Categorical columns identified: []
2024-11-28 11:00:23,399 - src.data_preprocessing - INFO - Completed handling of categorical features.
2024-11-28 11:00:23,399 - src.pipeline - INFO - Categorical feature encoding complete.
2024-11-28 11:00:23,399 - src.pipeline - INFO - Performing feature engineering...
2024-11-28 11:00:23,399 - src.feature_engineering - INFO - Starting feature engineering...
2024-11-28 11:00:23,399 - src.feature_engineering - INFO - Identified numerical columns: ['gender', 'race_ethnicity', 'parental_level_of_education', 'lunch', 'test_preparation_course', 'math_score', 'reading_score', 'writing_score']
2024-11-28 11:00:23,399 - src.feature_engineering - INFO - Creating interaction terms...
2024-11-28 11:00:23,414 - src.feature_engineering - INFO - Creating aggregate features (ratios)...
2024-11-28 11:00:23,414 - src.feature_engineering - INFO - Normalizing numerical features...
2024-11-28 11:00:23,414 - src.feature_engineering - INFO - Applying log transformations for skewed columns...
2024-11-28 11:00:23,414 - src.feature_engineering - INFO - Removing low variance features...
2024-11-28 11:00:23,430 - src.feature_engineering - INFO - Removing highly correlated features...
2024-11-28 11:00:23,430 - src.feature_engineering - INFO - Dropping 21 highly correlated columns: ['writing_score', 'gender_x_math_score', 'gender_x_reading_score', 'gender_x_writing_score', 'race_ethnicity_x_math_score', 'race_ethnicity_x_reading_score', 'race_ethnicity_x_writing_score', 'parental_level_of_education_x_math_score', 'parental_level_of_education_x_reading_score', 'parental_level_of_education_x_writing_score', 'lunch_x_math_score', 'lunch_x_reading_score', 'lunch_x_writing_score', 'test_preparation_course_x_math_score', 'test_preparation_course_x_reading_score', 'test_preparation_course_x_writing_score', 'math_score_x_reading_score', 'math_score_x_writing_score', 'reading_score_x_writing_score', 'parental_level_of_education_to_math_score', 'test_preparation_course_to_math_score']
2024-11-28 11:00:23,430 - src.feature_engineering - INFO - Feature engineering complete. Final feature count: 30
2024-11-28 11:00:23,430 - src.pipeline - ERROR - Error during pipeline execution: too many values to unpack (expected 2)
2024-11-28 11:04:54,321 - src.finalization - INFO - src.finalization module loaded
2024-11-28 11:04:54,322 - src.pipeline - INFO - Loading dataset from data/StudentsPerformance.csv...
2024-11-28 11:04:54,325 - src.pipeline - INFO - Dataset loaded successfully. Shape: (1000, 8)
2024-11-28 11:04:54,326 - src.pipeline - INFO - Starting missing value imputation...
2024-11-28 11:04:54,326 - src.utils - INFO - Starting automatic imputation...
2024-11-28 11:04:54,326 - src.utils - INFO - Numerical columns: ['reading_score', 'writing_score']
2024-11-28 11:04:54,326 - src.utils - INFO - Categorical columns: ['gender', 'race_ethnicity', 'parental_level_of_education', 'lunch', 'test_preparation_course']
2024-11-28 11:04:54,326 - src.utils - INFO - Applying ordinal encoding to categorical columns...
2024-11-28 11:04:54,330 - src.utils - INFO - Processing column 'gender' with 0.00% missing values.
2024-11-28 11:04:54,330 - src.utils - INFO - Column 'gender' has no missing values. Skipping imputation.
2024-11-28 11:04:54,330 - src.utils - INFO - Processing column 'race_ethnicity' with 0.00% missing values.
2024-11-28 11:04:54,330 - src.utils - INFO - Column 'race_ethnicity' has no missing values. Skipping imputation.
2024-11-28 11:04:54,331 - src.utils - INFO - Processing column 'parental_level_of_education' with 0.00% missing values.
2024-11-28 11:04:54,331 - src.utils - INFO - Column 'parental_level_of_education' has no missing values. Skipping imputation.
2024-11-28 11:04:54,331 - src.utils - INFO - Processing column 'lunch' with 0.00% missing values.
2024-11-28 11:04:54,331 - src.utils - INFO - Column 'lunch' has no missing values. Skipping imputation.
2024-11-28 11:04:54,331 - src.utils - INFO - Processing column 'test_preparation_course' with 0.00% missing values.
2024-11-28 11:04:54,331 - src.utils - INFO - Column 'test_preparation_course' has no missing values. Skipping imputation.
2024-11-28 11:04:54,331 - src.utils - INFO - Processing column 'reading_score' with 0.00% missing values.
2024-11-28 11:04:54,331 - src.utils - INFO - Column 'reading_score' has no missing values. Skipping imputation.
2024-11-28 11:04:54,332 - src.utils - INFO - Processing column 'writing_score' with 0.00% missing values.
2024-11-28 11:04:54,332 - src.utils - INFO - Column 'writing_score' has no missing values. Skipping imputation.
2024-11-28 11:04:54,332 - src.utils - INFO - the saved imputers is {}
2024-11-28 11:04:54,332 - src.utils - INFO - Imputation complete.
2024-11-28 11:04:54,333 - src.pipeline - INFO - Missing value imputation complete.
2024-11-28 11:04:54,333 - src.pipeline - INFO - Handling categorical features...
2024-11-28 11:04:54,333 - src.data_preprocessing - INFO - Starting to handle categorical features...
2024-11-28 11:04:54,333 - src.data_preprocessing - INFO - Categorical columns identified: []
2024-11-28 11:04:54,333 - src.data_preprocessing - INFO - Completed handling of categorical features.
2024-11-28 11:04:54,333 - src.pipeline - INFO - Categorical feature encoding complete.
2024-11-28 11:04:54,333 - src.pipeline - INFO - Performing feature engineering...
2024-11-28 11:04:54,333 - src.feature_engineering - INFO - Starting feature engineering...
2024-11-28 11:04:54,334 - src.feature_engineering - INFO - Identified numerical columns: ['gender', 'race_ethnicity', 'parental_level_of_education', 'lunch', 'test_preparation_course', 'math_score', 'reading_score', 'writing_score']
2024-11-28 11:04:54,334 - src.feature_engineering - INFO - Creating interaction terms...
2024-11-28 11:04:54,340 - src.feature_engineering - INFO - Creating aggregate features (ratios)...
2024-11-28 11:04:54,348 - src.feature_engineering - INFO - Normalizing numerical features...
2024-11-28 11:04:54,351 - src.feature_engineering - INFO - Applying log transformations for skewed columns...
2024-11-28 11:04:54,351 - src.feature_engineering - INFO - Removing low variance features...
2024-11-28 11:04:54,356 - src.feature_engineering - INFO - Removing highly correlated features...
2024-11-28 11:04:54,364 - src.feature_engineering - INFO - Dropping 21 highly correlated columns: ['writing_score', 'gender_x_math_score', 'gender_x_reading_score', 'gender_x_writing_score', 'race_ethnicity_x_math_score', 'race_ethnicity_x_reading_score', 'race_ethnicity_x_writing_score', 'parental_level_of_education_x_math_score', 'parental_level_of_education_x_reading_score', 'parental_level_of_education_x_writing_score', 'lunch_x_math_score', 'lunch_x_reading_score', 'lunch_x_writing_score', 'test_preparation_course_x_math_score', 'test_preparation_course_x_reading_score', 'test_preparation_course_x_writing_score', 'math_score_x_reading_score', 'math_score_x_writing_score', 'reading_score_x_writing_score', 'parental_level_of_education_to_math_score', 'test_preparation_course_to_math_score']
2024-11-28 11:04:54,364 - src.feature_engineering - INFO - Feature engineering complete. Final feature count: 30
2024-11-28 11:04:54,364 - src.pipeline - INFO - Feature engineering complete.
2024-11-28 11:04:54,365 - src.pipeline - INFO - Splitting data into training and testing sets...
2024-11-28 11:04:54,365 - src.model_selection - INFO - Starting train-test split and model selection...
2024-11-28 11:04:54,365 - src.model_selection - INFO - Cleaned column names: ['gender', 'race_ethnicity', 'parental_level_of_education', 'lunch', 'test_preparation_course', 'math_score', 'reading_score', 'gender_x_race_ethnicity', 'gender_x_parental_level_of_education', 'gender_x_lunch', 'gender_x_test_preparation_course', 'race_ethnicity_x_parental_level_of_education', 'race_ethnicity_x_lunch', 'race_ethnicity_x_test_preparation_course', 'parental_level_of_education_x_lunch', 'parental_level_of_education_x_test_preparation_course', 'lunch_x_test_preparation_course', 'gender_to_race_ethnicity', 'gender_to_parental_level_of_education', 'gender_to_lunch', 'gender_to_test_preparation_course', 'race_ethnicity_to_parental_level_of_education', 'race_ethnicity_to_lunch', 'race_ethnicity_to_test_preparation_course', 'race_ethnicity_to_math_score', 'parental_level_of_education_to_lunch', 'parental_level_of_education_to_test_preparation_course', 'lunch_to_test_preparation_course', 'math_score_to_reading_score', 'math_score_to_writing_score']
2024-11-28 11:04:54,366 - src.model_selection - INFO - Splitting dataset into training and testing sets with target column: math_score
2024-11-28 11:04:54,367 - src.model_selection - INFO - Train-test split completed. Training size: 800, Testing size: 200
2024-11-28 11:04:54,367 - src.model_selection - INFO - Training Linear Regression...
2024-11-28 11:04:54,371 - src.model_selection - INFO - Model: Linear Regression, Score: 66059.75711484905
2024-11-28 11:04:54,371 - src.model_selection - INFO - Training KNN...
2024-11-28 11:04:54,461 - src.model_selection - INFO - Model: KNN, Score: 0.8777886460567254
2024-11-28 11:04:54,461 - src.model_selection - INFO - Training Decision Tree...
2024-11-28 11:04:54,477 - src.model_selection - INFO - Model: Decision Tree, Score: 0.17091929268791645
2024-11-28 11:04:54,477 - src.model_selection - INFO - Training Random Forest...
2024-11-28 11:04:55,024 - src.model_selection - INFO - Model: Random Forest, Score: 0.14200268902063512
2024-11-28 11:04:55,024 - src.model_selection - INFO - Training Gradient Boosting...
2024-11-28 11:04:55,227 - src.model_selection - INFO - Model: Gradient Boosting, Score: 0.10398244325269529
2024-11-28 11:04:55,227 - src.model_selection - INFO - Training SVR...
2024-11-28 11:04:55,274 - src.model_selection - INFO - Model: SVR, Score: 0.9942712810734119
2024-11-28 11:04:55,274 - src.model_selection - INFO - Training XGBoost...
2024-11-28 11:04:55,352 - src.model_selection - INFO - Model: XGBoost, Score: 0.10345021737129327
2024-11-28 11:04:55,352 - src.model_selection - INFO - Training AdaBoost...
2024-11-28 11:04:55,508 - src.model_selection - INFO - Model: AdaBoost, Score: 0.2852563436144504
2024-11-28 11:04:55,508 - src.model_selection - INFO - Training Extra Trees...
2024-11-28 11:04:55,951 - src.model_selection - INFO - Model: Extra Trees, Score: 0.13518657330791103
2024-11-28 11:04:55,951 - src.model_selection - INFO - Training LightGBM...
2024-11-28 11:04:55,997 - src.model_selection - INFO - Model: LightGBM, Score: 0.1610002791870705
2024-11-28 11:04:55,997 - src.model_selection - INFO - 
Model Selection Complete. Results:
2024-11-28 11:04:56,002 - src.model_selection - INFO - 
               Model         Score
6            XGBoost      0.103450
4  Gradient Boosting      0.103982
8        Extra Trees      0.135187
3      Random Forest      0.142003
9           LightGBM      0.161000
2      Decision Tree      0.170919
7           AdaBoost      0.285256
1                KNN      0.877789
5                SVR      0.994271
0  Linear Regression  66059.757115
2024-11-28 11:04:56,002 - src.model_selection - INFO - Best Model: XGBoost
2024-11-28 11:04:56,005 - src.pipeline - INFO - Scaling the target variable...
2024-11-28 11:04:56,005 - src.pipeline - INFO - Performing hyperparameter tuning for the best model: XGBoost...
2024-11-28 11:04:56,005 - src.hyperparameter_tuning - INFO - Starting hyperparameter tuning for XGBoost...
2024-11-28 11:04:56,005 - src.hyperparameter_tuning - INFO - Performing hyperparameter tuning for XGBoost...
2024-11-28 11:04:59,836 - src.hyperparameter_tuning - INFO - Best hyperparameters for XGBoost: {'learning_rate': 0.1, 'max_depth': 3, 'n_estimators': 500, 'subsample': 1.0}
2024-11-28 11:04:59,852 - src.hyperparameter_tuning - INFO - RMSE of the tuned XGBoost model: 0.08860266365644309
2024-11-28 11:04:59,852 - src.pipeline - INFO - Finalizing and evaluating the model...
2024-11-28 11:04:59,852 - src.finalization - INFO - Initializing the model with best hyperparameters...
2024-11-28 11:04:59,852 - src.finalization - INFO - Training the model with best hyperparameters...
2024-11-28 11:05:00,024 - src.finalization - INFO - Predicting on the test set...
2024-11-28 11:05:00,024 - src.finalization - INFO - Evaluating model performance...
2024-11-28 11:05:00,024 - src.finalization - INFO - RMSE of the final model: 0.08860266365644309
2024-11-28 11:05:00,024 - src.finalization - INFO - R-squared of the final model: 0.9927267535271654
2024-11-28 11:05:00,024 - src.finalization - INFO - Extracting feature importances...
2024-11-28 11:05:00,024 - src.finalization - INFO - Plotting feature importances...
2024-11-28 11:05:00,274 - src.finalization - INFO - Model saved as best_model.joblib
2024-11-28 11:05:00,274 - src.pipeline - INFO - Final metrics: {'RMSE': np.float64(0.08860266365644309), 'R-squared': 0.9927267535271654}
2024-11-28 11:05:00,274 - src.pipeline - INFO - Saving the model and associated artifacts...
2024-11-28 11:05:00,318 - src.pipeline - INFO - Model and artifacts saved successfully.
2024-11-28 11:05:14,633 - src.finalization - INFO - src.finalization module loaded
2024-11-28 11:05:14,633 - src.pipeline - INFO - Loading dataset from data/StudentsPerformance.csv...
2024-11-28 11:05:14,649 - src.pipeline - INFO - Dataset loaded successfully. Shape: (1000, 8)
2024-11-28 11:05:14,649 - src.pipeline - INFO - Starting missing value imputation...
2024-11-28 11:05:14,649 - src.utils - INFO - Starting automatic imputation...
2024-11-28 11:05:14,649 - src.utils - INFO - Numerical columns: ['reading_score', 'writing_score']
2024-11-28 11:05:14,649 - src.utils - INFO - Categorical columns: ['gender', 'race_ethnicity', 'parental_level_of_education', 'lunch', 'test_preparation_course']
2024-11-28 11:05:14,649 - src.utils - INFO - Applying ordinal encoding to categorical columns...
2024-11-28 11:05:14,649 - src.utils - INFO - Processing column 'gender' with 0.00% missing values.
2024-11-28 11:05:14,649 - src.utils - INFO - Column 'gender' has no missing values. Skipping imputation.
2024-11-28 11:05:14,649 - src.utils - INFO - Processing column 'race_ethnicity' with 0.00% missing values.
2024-11-28 11:05:14,649 - src.utils - INFO - Column 'race_ethnicity' has no missing values. Skipping imputation.
2024-11-28 11:05:14,649 - src.utils - INFO - Processing column 'parental_level_of_education' with 0.00% missing values.
2024-11-28 11:05:14,649 - src.utils - INFO - Column 'parental_level_of_education' has no missing values. Skipping imputation.
2024-11-28 11:05:14,649 - src.utils - INFO - Processing column 'lunch' with 0.00% missing values.
2024-11-28 11:05:14,649 - src.utils - INFO - Column 'lunch' has no missing values. Skipping imputation.
2024-11-28 11:05:14,649 - src.utils - INFO - Processing column 'test_preparation_course' with 0.00% missing values.
2024-11-28 11:05:14,649 - src.utils - INFO - Column 'test_preparation_course' has no missing values. Skipping imputation.
2024-11-28 11:05:14,649 - src.utils - INFO - Processing column 'reading_score' with 0.00% missing values.
2024-11-28 11:05:14,649 - src.utils - INFO - Column 'reading_score' has no missing values. Skipping imputation.
2024-11-28 11:05:14,649 - src.utils - INFO - Processing column 'writing_score' with 0.00% missing values.
2024-11-28 11:05:14,649 - src.utils - INFO - Column 'writing_score' has no missing values. Skipping imputation.
2024-11-28 11:05:14,649 - src.utils - INFO - the saved imputers is {}
2024-11-28 11:05:14,649 - src.utils - INFO - Imputation complete.
2024-11-28 11:05:14,649 - src.pipeline - INFO - Missing value imputation complete.
2024-11-28 11:05:14,649 - src.pipeline - INFO - Handling categorical features...
2024-11-28 11:05:14,649 - src.data_preprocessing - INFO - Starting to handle categorical features...
2024-11-28 11:05:14,649 - src.data_preprocessing - INFO - Categorical columns identified: []
2024-11-28 11:05:14,649 - src.data_preprocessing - INFO - Completed handling of categorical features.
2024-11-28 11:05:14,649 - src.pipeline - INFO - Categorical feature encoding complete.
2024-11-28 11:05:14,649 - src.pipeline - INFO - Performing feature engineering...
2024-11-28 11:05:14,649 - src.feature_engineering - INFO - Starting feature engineering...
2024-11-28 11:05:14,649 - src.feature_engineering - INFO - Identified numerical columns: ['gender', 'race_ethnicity', 'parental_level_of_education', 'lunch', 'test_preparation_course', 'math_score', 'reading_score', 'writing_score']
2024-11-28 11:05:14,649 - src.feature_engineering - INFO - Creating interaction terms...
2024-11-28 11:05:14,664 - src.feature_engineering - INFO - Creating aggregate features (ratios)...
2024-11-28 11:05:14,664 - src.feature_engineering - INFO - Normalizing numerical features...
2024-11-28 11:05:14,680 - src.feature_engineering - INFO - Applying log transformations for skewed columns...
2024-11-28 11:05:14,680 - src.feature_engineering - INFO - Removing low variance features...
2024-11-28 11:05:14,680 - src.feature_engineering - INFO - Removing highly correlated features...
2024-11-28 11:05:14,680 - src.feature_engineering - INFO - Dropping 21 highly correlated columns: ['writing_score', 'gender_x_math_score', 'gender_x_reading_score', 'gender_x_writing_score', 'race_ethnicity_x_math_score', 'race_ethnicity_x_reading_score', 'race_ethnicity_x_writing_score', 'parental_level_of_education_x_math_score', 'parental_level_of_education_x_reading_score', 'parental_level_of_education_x_writing_score', 'lunch_x_math_score', 'lunch_x_reading_score', 'lunch_x_writing_score', 'test_preparation_course_x_math_score', 'test_preparation_course_x_reading_score', 'test_preparation_course_x_writing_score', 'math_score_x_reading_score', 'math_score_x_writing_score', 'reading_score_x_writing_score', 'parental_level_of_education_to_math_score', 'test_preparation_course_to_math_score']
2024-11-28 11:05:14,680 - src.feature_engineering - INFO - Feature engineering complete. Final feature count: 30
2024-11-28 11:05:14,680 - src.pipeline - INFO - Feature engineering complete.
2024-11-28 11:05:14,680 - src.pipeline - INFO - Splitting data into training and testing sets...
2024-11-28 11:05:14,680 - src.model_selection - INFO - Starting train-test split and model selection...
2024-11-28 11:05:14,680 - src.model_selection - INFO - Cleaned column names: ['gender', 'race_ethnicity', 'parental_level_of_education', 'lunch', 'test_preparation_course', 'math_score', 'reading_score', 'gender_x_race_ethnicity', 'gender_x_parental_level_of_education', 'gender_x_lunch', 'gender_x_test_preparation_course', 'race_ethnicity_x_parental_level_of_education', 'race_ethnicity_x_lunch', 'race_ethnicity_x_test_preparation_course', 'parental_level_of_education_x_lunch', 'parental_level_of_education_x_test_preparation_course', 'lunch_x_test_preparation_course', 'gender_to_race_ethnicity', 'gender_to_parental_level_of_education', 'gender_to_lunch', 'gender_to_test_preparation_course', 'race_ethnicity_to_parental_level_of_education', 'race_ethnicity_to_lunch', 'race_ethnicity_to_test_preparation_course', 'race_ethnicity_to_math_score', 'parental_level_of_education_to_lunch', 'parental_level_of_education_to_test_preparation_course', 'lunch_to_test_preparation_course', 'math_score_to_reading_score', 'math_score_to_writing_score']
2024-11-28 11:05:14,680 - src.model_selection - INFO - Splitting dataset into training and testing sets with target column: math_score
2024-11-28 11:05:14,695 - src.model_selection - INFO - Train-test split completed. Training size: 800, Testing size: 200
2024-11-28 11:05:14,695 - src.model_selection - INFO - Training Linear Regression...
2024-11-28 11:05:14,695 - src.model_selection - INFO - Model: Linear Regression, Score: 66059.75711484905
2024-11-28 11:05:14,695 - src.model_selection - INFO - Training KNN...
2024-11-28 11:05:14,789 - src.model_selection - INFO - Model: KNN, Score: 0.8777886460567254
2024-11-28 11:05:14,789 - src.model_selection - INFO - Training Decision Tree...
2024-11-28 11:05:14,805 - src.model_selection - INFO - Model: Decision Tree, Score: 0.16874025496777292
2024-11-28 11:05:14,805 - src.model_selection - INFO - Training Random Forest...
2024-11-28 11:05:15,352 - src.model_selection - INFO - Model: Random Forest, Score: 0.14278764491388488
2024-11-28 11:05:15,352 - src.model_selection - INFO - Training Gradient Boosting...
2024-11-28 11:05:15,560 - src.model_selection - INFO - Model: Gradient Boosting, Score: 0.10402788218372282
2024-11-28 11:05:15,560 - src.model_selection - INFO - Training SVR...
2024-11-28 11:05:15,602 - src.model_selection - INFO - Model: SVR, Score: 0.9942712810734119
2024-11-28 11:05:15,602 - src.model_selection - INFO - Training XGBoost...
2024-11-28 11:05:15,711 - src.model_selection - INFO - Model: XGBoost, Score: 0.10345021737129327
2024-11-28 11:05:15,711 - src.model_selection - INFO - Training AdaBoost...
2024-11-28 11:05:15,867 - src.model_selection - INFO - Model: AdaBoost, Score: 0.28897612587161403
2024-11-28 11:05:15,867 - src.model_selection - INFO - Training Extra Trees...
2024-11-28 11:05:16,289 - src.model_selection - INFO - Model: Extra Trees, Score: 0.1331222795083202
2024-11-28 11:05:16,289 - src.model_selection - INFO - Training LightGBM...
2024-11-28 11:05:16,364 - src.model_selection - INFO - Model: LightGBM, Score: 0.1610002791870705
2024-11-28 11:05:16,365 - src.model_selection - INFO - 
Model Selection Complete. Results:
2024-11-28 11:05:16,369 - src.model_selection - INFO - 
               Model         Score
6            XGBoost      0.103450
4  Gradient Boosting      0.104028
8        Extra Trees      0.133122
3      Random Forest      0.142788
9           LightGBM      0.161000
2      Decision Tree      0.168740
7           AdaBoost      0.288976
1                KNN      0.877789
5                SVR      0.994271
0  Linear Regression  66059.757115
2024-11-28 11:05:16,369 - src.model_selection - INFO - Best Model: XGBoost
2024-11-28 11:05:16,372 - src.pipeline - INFO - Scaling the target variable...
2024-11-28 11:05:16,373 - src.pipeline - INFO - Performing hyperparameter tuning for the best model: XGBoost...
2024-11-28 11:05:16,373 - src.hyperparameter_tuning - INFO - Starting hyperparameter tuning for XGBoost...
2024-11-28 11:05:16,373 - src.hyperparameter_tuning - INFO - Performing hyperparameter tuning for XGBoost...
2024-11-28 11:05:20,116 - src.hyperparameter_tuning - INFO - Best hyperparameters for XGBoost: {'learning_rate': 0.1, 'max_depth': 3, 'n_estimators': 500, 'subsample': 1.0}
2024-11-28 11:05:20,132 - src.hyperparameter_tuning - INFO - RMSE of the tuned XGBoost model: 0.08860266365644309
2024-11-28 11:05:20,132 - src.pipeline - INFO - Finalizing and evaluating the model...
2024-11-28 11:05:20,132 - src.finalization - INFO - Initializing the model with best hyperparameters...
2024-11-28 11:05:20,132 - src.finalization - INFO - Training the model with best hyperparameters...
2024-11-28 11:05:20,311 - src.finalization - INFO - Predicting on the test set...
2024-11-28 11:05:20,319 - src.finalization - INFO - Evaluating model performance...
2024-11-28 11:05:20,320 - src.finalization - INFO - RMSE of the final model: 0.08860266365644309
2024-11-28 11:05:20,320 - src.finalization - INFO - R-squared of the final model: 0.9927267535271654
2024-11-28 11:05:20,321 - src.finalization - INFO - Extracting feature importances...
2024-11-28 11:05:20,322 - src.finalization - INFO - Plotting feature importances...
2024-11-28 11:05:20,572 - src.finalization - INFO - Model saved as best_model.joblib
2024-11-28 11:05:20,572 - src.pipeline - INFO - Final metrics: {'RMSE': np.float64(0.08860266365644309), 'R-squared': 0.9927267535271654}
2024-11-28 11:05:20,572 - src.pipeline - INFO - Saving the model and associated artifacts...
2024-11-28 11:05:20,597 - src.pipeline - INFO - Model and artifacts saved successfully.
2024-11-28 11:15:28,533 - src.finalization - INFO - src.finalization module loaded
2024-11-28 11:15:28,534 - src.pipeline - INFO - Loading trained model and artifacts for prediction...
2024-11-28 11:15:28,564 - src.pipeline - INFO - Model and artifacts loaded successfully.
2024-11-28 11:15:28,564 - src.pipeline - INFO - Loading and preprocessing new data from data/Test.csv...
2024-11-28 11:15:28,567 - src.pipeline - ERROR - Error during prediction: automatic_imputation() got an unexpected keyword argument 'imputers'
2024-11-28 11:28:05,180 - src.finalization - INFO - src.finalization module loaded
2024-11-28 11:28:05,191 - src.pipeline - INFO - Loading trained model and artifacts for prediction...
2024-11-28 11:28:05,203 - src.pipeline - INFO - Model and artifacts loaded successfully.
2024-11-28 11:28:05,203 - src.pipeline - INFO - Loading and preprocessing new data from data/Test.csv...
2024-11-28 11:28:05,206 - src.pipeline - ERROR - Error during prediction: automatic_imputation() got an unexpected keyword argument 'imputers'
2024-11-28 11:58:10,210 - src.finalization - INFO - src.finalization module loaded
2024-11-28 11:58:10,223 - src.pipeline - INFO - Loading dataset from data/StudentsPerformance.csv...
2024-11-28 11:58:10,227 - src.pipeline - INFO - Dataset loaded successfully. Shape: (1000, 8)
2024-11-28 11:58:10,227 - src.pipeline - INFO - Starting missing value imputation...
2024-11-28 11:58:10,227 - src.utils - INFO - Starting automatic imputation...
2024-11-28 11:58:10,227 - src.utils - INFO - Numerical columns: ['reading_score', 'writing_score']
2024-11-28 11:58:10,228 - src.utils - INFO - Categorical columns: ['gender', 'race_ethnicity', 'parental_level_of_education', 'lunch', 'test_preparation_course']
2024-11-28 11:58:10,228 - src.utils - INFO - Applying ordinal encoding to categorical columns...
2024-11-28 11:58:10,232 - src.utils - INFO - Processing column 'gender' with 0.00% missing values.
2024-11-28 11:58:10,232 - src.utils - INFO - Column 'gender' has no missing values. Skipping imputation.
2024-11-28 11:58:10,232 - src.utils - INFO - Processing column 'race_ethnicity' with 0.00% missing values.
2024-11-28 11:58:10,232 - src.utils - INFO - Column 'race_ethnicity' has no missing values. Skipping imputation.
2024-11-28 11:58:10,232 - src.utils - INFO - Processing column 'parental_level_of_education' with 0.00% missing values.
2024-11-28 11:58:10,232 - src.utils - INFO - Column 'parental_level_of_education' has no missing values. Skipping imputation.
2024-11-28 11:58:10,232 - src.utils - INFO - Processing column 'lunch' with 0.00% missing values.
2024-11-28 11:58:10,232 - src.utils - INFO - Column 'lunch' has no missing values. Skipping imputation.
2024-11-28 11:58:10,233 - src.utils - INFO - Processing column 'test_preparation_course' with 0.00% missing values.
2024-11-28 11:58:10,233 - src.utils - INFO - Column 'test_preparation_course' has no missing values. Skipping imputation.
2024-11-28 11:58:10,233 - src.utils - INFO - Processing column 'reading_score' with 0.00% missing values.
2024-11-28 11:58:10,233 - src.utils - INFO - Column 'reading_score' has no missing values. Skipping imputation.
2024-11-28 11:58:10,233 - src.utils - INFO - Processing column 'writing_score' with 0.00% missing values.
2024-11-28 11:58:10,233 - src.utils - INFO - Column 'writing_score' has no missing values. Skipping imputation.
2024-11-28 11:58:10,233 - src.utils - INFO - the saved imputers is {}
2024-11-28 11:58:10,233 - src.utils - INFO - Imputation complete.
2024-11-28 11:58:10,234 - src.pipeline - INFO - Missing value imputation complete.
2024-11-28 11:58:10,234 - src.pipeline - INFO - Handling categorical features...
2024-11-28 11:58:10,234 - src.data_preprocessing - INFO - Starting to handle categorical features...
2024-11-28 11:58:10,234 - src.data_preprocessing - INFO - Categorical columns identified: []
2024-11-28 11:58:10,235 - src.data_preprocessing - INFO - Completed handling of categorical features.
2024-11-28 11:58:10,235 - src.pipeline - INFO - Categorical feature encoding complete.
2024-11-28 11:58:10,235 - src.pipeline - INFO - Performing feature engineering...
2024-11-28 11:58:10,235 - src.feature_engineering - INFO - Starting feature engineering...
2024-11-28 11:58:10,235 - src.feature_engineering - INFO - Identified numerical columns: ['gender', 'race_ethnicity', 'parental_level_of_education', 'lunch', 'test_preparation_course', 'math_score', 'reading_score', 'writing_score']
2024-11-28 11:58:10,235 - src.feature_engineering - INFO - Creating interaction terms...
2024-11-28 11:58:10,242 - src.feature_engineering - INFO - Creating aggregate features (ratios)...
2024-11-28 11:58:10,250 - src.feature_engineering - INFO - Normalizing numerical features...
2024-11-28 11:58:10,253 - src.feature_engineering - INFO - Applying log transformations for skewed columns...
2024-11-28 11:58:10,253 - src.feature_engineering - INFO - Removing low variance features...
2024-11-28 11:58:10,258 - src.feature_engineering - INFO - Removing highly correlated features...
2024-11-28 11:58:10,266 - src.feature_engineering - INFO - Dropping 21 highly correlated columns: ['writing_score', 'gender_x_math_score', 'gender_x_reading_score', 'gender_x_writing_score', 'race_ethnicity_x_math_score', 'race_ethnicity_x_reading_score', 'race_ethnicity_x_writing_score', 'parental_level_of_education_x_math_score', 'parental_level_of_education_x_reading_score', 'parental_level_of_education_x_writing_score', 'lunch_x_math_score', 'lunch_x_reading_score', 'lunch_x_writing_score', 'test_preparation_course_x_math_score', 'test_preparation_course_x_reading_score', 'test_preparation_course_x_writing_score', 'math_score_x_reading_score', 'math_score_x_writing_score', 'reading_score_x_writing_score', 'parental_level_of_education_to_math_score', 'test_preparation_course_to_math_score']
2024-11-28 11:58:10,266 - src.feature_engineering - INFO - Feature engineering complete. Final feature count: 30
2024-11-28 11:58:10,267 - src.pipeline - INFO - Feature engineering complete.
2024-11-28 11:58:10,267 - src.pipeline - INFO - Splitting data into training and testing sets...
2024-11-28 11:58:10,267 - src.model_selection - INFO - Starting train-test split and model selection...
2024-11-28 11:58:10,267 - src.model_selection - INFO - Cleaned column names: ['gender', 'race_ethnicity', 'parental_level_of_education', 'lunch', 'test_preparation_course', 'math_score', 'reading_score', 'gender_x_race_ethnicity', 'gender_x_parental_level_of_education', 'gender_x_lunch', 'gender_x_test_preparation_course', 'race_ethnicity_x_parental_level_of_education', 'race_ethnicity_x_lunch', 'race_ethnicity_x_test_preparation_course', 'parental_level_of_education_x_lunch', 'parental_level_of_education_x_test_preparation_course', 'lunch_x_test_preparation_course', 'gender_to_race_ethnicity', 'gender_to_parental_level_of_education', 'gender_to_lunch', 'gender_to_test_preparation_course', 'race_ethnicity_to_parental_level_of_education', 'race_ethnicity_to_lunch', 'race_ethnicity_to_test_preparation_course', 'race_ethnicity_to_math_score', 'parental_level_of_education_to_lunch', 'parental_level_of_education_to_test_preparation_course', 'lunch_to_test_preparation_course', 'math_score_to_reading_score', 'math_score_to_writing_score']
2024-11-28 11:58:10,268 - src.model_selection - INFO - Splitting dataset into training and testing sets with target column: math_score
2024-11-28 11:58:10,269 - src.model_selection - INFO - Train-test split completed. Training size: 800, Testing size: 200
2024-11-28 11:58:10,269 - src.model_selection - INFO - Training Linear Regression...
2024-11-28 11:58:10,273 - src.model_selection - INFO - Model: Linear Regression, Score: 66059.75711484905
2024-11-28 11:58:10,273 - src.model_selection - INFO - Training KNN...
2024-11-28 11:58:10,374 - src.model_selection - INFO - Model: KNN, Score: 0.8777886460567254
2024-11-28 11:58:10,374 - src.model_selection - INFO - Training Decision Tree...
2024-11-28 11:58:10,384 - src.model_selection - INFO - Model: Decision Tree, Score: 0.167899619995847
2024-11-28 11:58:10,384 - src.model_selection - INFO - Training Random Forest...
2024-11-28 11:58:10,938 - src.model_selection - INFO - Model: Random Forest, Score: 0.14237977369939875
2024-11-28 11:58:10,938 - src.model_selection - INFO - Training Gradient Boosting...
2024-11-28 11:58:11,145 - src.model_selection - INFO - Model: Gradient Boosting, Score: 0.10352730820727093
2024-11-28 11:58:11,146 - src.model_selection - INFO - Training SVR...
2024-11-28 11:58:11,192 - src.model_selection - INFO - Model: SVR, Score: 0.9942712810734119
2024-11-28 11:58:11,192 - src.model_selection - INFO - Training XGBoost...
2024-11-28 11:58:11,289 - src.model_selection - INFO - Model: XGBoost, Score: 0.10345021737129327
2024-11-28 11:58:11,289 - src.model_selection - INFO - Training AdaBoost...
2024-11-28 11:58:11,452 - src.model_selection - INFO - Model: AdaBoost, Score: 0.28221542846997566
2024-11-28 11:58:11,452 - src.model_selection - INFO - Training Extra Trees...
2024-11-28 11:58:11,867 - src.model_selection - INFO - Model: Extra Trees, Score: 0.12743633300317259
2024-11-28 11:58:11,867 - src.model_selection - INFO - Training LightGBM...
2024-11-28 11:58:11,922 - src.model_selection - INFO - Model: LightGBM, Score: 0.1610002791870705
2024-11-28 11:58:11,923 - src.model_selection - INFO - 
Model Selection Complete. Results:
2024-11-28 11:58:11,927 - src.model_selection - INFO - 
               Model         Score
6            XGBoost      0.103450
4  Gradient Boosting      0.103527
8        Extra Trees      0.127436
3      Random Forest      0.142380
9           LightGBM      0.161000
2      Decision Tree      0.167900
7           AdaBoost      0.282215
1                KNN      0.877789
5                SVR      0.994271
0  Linear Regression  66059.757115
2024-11-28 11:58:11,927 - src.model_selection - INFO - Best Model: XGBoost
2024-11-28 11:58:11,929 - src.pipeline - INFO - Scaling the target variable...
2024-11-28 11:58:11,930 - src.pipeline - INFO - Performing hyperparameter tuning for the best model: XGBoost...
2024-11-28 11:58:11,930 - src.hyperparameter_tuning - INFO - Starting hyperparameter tuning for XGBoost...
2024-11-28 11:58:11,930 - src.hyperparameter_tuning - INFO - Performing hyperparameter tuning for XGBoost...
2024-11-28 11:58:15,852 - src.hyperparameter_tuning - INFO - Best hyperparameters for XGBoost: {'learning_rate': 0.1, 'max_depth': 3, 'n_estimators': 500, 'subsample': 1.0}
2024-11-28 11:58:15,852 - src.hyperparameter_tuning - INFO - RMSE of the tuned XGBoost model: 0.08860266365644309
2024-11-28 11:58:15,852 - src.pipeline - INFO - Finalizing and evaluating the model...
2024-11-28 11:58:15,852 - src.finalization - INFO - Initializing the model with best hyperparameters...
2024-11-28 11:58:15,852 - src.finalization - INFO - Training the model with best hyperparameters...
2024-11-28 11:58:16,023 - src.finalization - INFO - Predicting on the test set...
2024-11-28 11:58:16,023 - src.finalization - INFO - Evaluating model performance...
2024-11-28 11:58:16,023 - src.finalization - INFO - RMSE of the final model: 0.08860266365644309
2024-11-28 11:58:16,023 - src.finalization - INFO - R-squared of the final model: 0.9927267535271654
2024-11-28 11:58:16,023 - src.finalization - INFO - Extracting feature importances...
2024-11-28 11:58:16,023 - src.finalization - INFO - Plotting feature importances...
2024-11-28 11:58:16,286 - src.finalization - INFO - Model saved as best_model.joblib
2024-11-28 11:58:16,287 - src.pipeline - INFO - Final metrics: {'RMSE': np.float64(0.08860266365644309), 'R-squared': 0.9927267535271654}
2024-11-28 11:58:16,287 - src.pipeline - INFO - Saving the model and associated artifacts...
2024-11-28 11:58:16,317 - src.pipeline - INFO - Model and artifacts saved successfully.
